<?xml version="1.0" encoding="UTF-8"?>
<!-- Generated by org.testng.reporters.JUnitXMLReporter -->
<testsuite hostname="LAPTOP-ADMPVVC9" ignored="0" name="Test" tests="15" failures="7" timestamp="01 ago 2017 20:53:37 GMT" time="643.56" errors="0">
  <testcase name="checkAssignButtonIsAvailable" time="29.165" classname="Tests.ta_CPQ"/>
  <testcase name="checkCancelOrder" time="16.386" classname="Tests.ta_CPQ">
    <failure type="java.lang.IndexOutOfBoundsException" message="Index: 18, Size: 0">
      <![CDATA[java.lang.IndexOutOfBoundsException: Index: 18, Size: 0
	at java.util.ArrayList.rangeCheck(Unknown Source)
	at java.util.ArrayList.get(Unknown Source)
	at org.openqa.selenium.support.pagefactory.internal.LocatingElementListHandler.invoke(LocatingElementListHandler.java:39)
	at com.sun.proxy.$Proxy8.get(Unknown Source)
	at Pages.LineAssignment.clickOnNext(LineAssignment.java:71)
	at Tests.ta_CPQ.checkCancelOrder(ta_CPQ.java:292)
... Removed 29 stack frames]]>
    </failure>
  </testcase> <!-- checkCancelOrder -->
  <testcase name="checkCashAsValueForPaymentMethod" time="25.833" classname="Tests.ta_CPQ"/>
  <testcase name="checkDefaultValueForDeliveryMethod" time="19.629" classname="Tests.ta_CPQ"/>
  <testcase name="checkNoLineAvailableMessageAndCancelPlan" time="14.49" classname="Tests.ta_CPQ">
    <failure type="org.openqa.selenium.NoSuchElementException" message="no such element: Unable to locate element: {&amp;quot;method&amp;quot;:&amp;quot;css selector&amp;quot;,&amp;quot;selector&amp;quot;:&amp;quot;.slds-form-element__label.slds-text-color--error.ng-binding.ng-scope&amp;quot;}
  (Session info: chrome=59.0.3071.115)
  (Driver info: chromedriver=2.30.477700 (0057494ad8732195794a7b32078424f92a5fce41),platform=Windows NT 10.0.15063 x86_64) (WARNING: The server did not provide any stacktrace information)
Command duration or timeout: 31 milliseconds
For documentation on this error, please visit: http://seleniumhq.org/exceptions/no_such_element.html
Build info: version: &amp;apos;3.4.0&amp;apos;, revision: &amp;apos;unknown&amp;apos;, time: &amp;apos;unknown&amp;apos;
System info: host: &amp;apos;LAPTOP-ADMPVVC9&amp;apos;, ip: &amp;apos;181.15.59.91&amp;apos;, os.name: &amp;apos;Windows 10&amp;apos;, os.arch: &amp;apos;amd64&amp;apos;, os.version: &amp;apos;10.0&amp;apos;, java.version: &amp;apos;1.8.0_131&amp;apos;
Driver info: org.openqa.selenium.chrome.ChromeDriver
Capabilities [{applicationCacheEnabled=false, rotatable=false, mobileEmulationEnabled=false, networkConnectionEnabled=false, chrome={chromedriverVersion=2.30.477700 (0057494ad8732195794a7b32078424f92a5fce41), userDataDir=C:\Users\pablo\AppData\Local\Google\Chrome\User Data}, takesHeapSnapshot=true, pageLoadStrategy=normal, databaseEnabled=false, handlesAlerts=true, hasTouchScreen=false, version=59.0.3071.115, platform=XP, browserConnectionEnabled=false, nativeEvents=true, acceptSslCerts=true, locationContextEnabled=true, webStorageEnabled=true, browserName=chrome, takesScreenshot=true, javascriptEnabled=true, cssSelectorsEnabled=true, unexpectedAlertBehaviour=}]
Session ID: f4298ed89e3251758e5ed35d3bf9e124
*** Element info: {Using=css selector, value=.slds-form-element__label.slds-text-color--error.ng-binding.ng-scope}">
      <![CDATA[org.openqa.selenium.NoSuchElementException: no such element: Unable to locate element: {"method":"css selector","selector":".slds-form-element__label.slds-text-color--error.ng-binding.ng-scope"}
  (Session info: chrome=59.0.3071.115)
  (Driver info: chromedriver=2.30.477700 (0057494ad8732195794a7b32078424f92a5fce41),platform=Windows NT 10.0.15063 x86_64) (WARNING: The server did not provide any stacktrace information)
Command duration or timeout: 31 milliseconds
For documentation on this error, please visit: http://seleniumhq.org/exceptions/no_such_element.html
Build info: version: '3.4.0', revision: 'unknown', time: 'unknown'
System info: host: 'LAPTOP-ADMPVVC9', ip: '181.15.59.91', os.name: 'Windows 10', os.arch: 'amd64', os.version: '10.0', java.version: '1.8.0_131'
Driver info: org.openqa.selenium.chrome.ChromeDriver
Capabilities [{applicationCacheEnabled=false, rotatable=false, mobileEmulationEnabled=false, networkConnectionEnabled=false, chrome={chromedriverVersion=2.30.477700 (0057494ad8732195794a7b32078424f92a5fce41), userDataDir=C:\Users\pablo\AppData\Local\Google\Chrome\User Data}, takesHeapSnapshot=true, pageLoadStrategy=normal, databaseEnabled=false, handlesAlerts=true, hasTouchScreen=false, version=59.0.3071.115, platform=XP, browserConnectionEnabled=false, nativeEvents=true, acceptSslCerts=true, locationContextEnabled=true, webStorageEnabled=true, browserName=chrome, takesScreenshot=true, javascriptEnabled=true, cssSelectorsEnabled=true, unexpectedAlertBehaviour=}]
Session ID: f4298ed89e3251758e5ed35d3bf9e124
*** Element info: {Using=css selector, value=.slds-form-element__label.slds-text-color--error.ng-binding.ng-scope}
	at org.openqa.selenium.remote.ErrorHandler.createThrowable(ErrorHandler.java:215)
	at org.openqa.selenium.remote.ErrorHandler.throwIfResponseFailed(ErrorHandler.java:167)
	at org.openqa.selenium.remote.RemoteWebDriver.execute(RemoteWebDriver.java:671)
	at org.openqa.selenium.remote.RemoteWebDriver.findElement(RemoteWebDriver.java:410)
	at org.openqa.selenium.remote.RemoteWebDriver.findElementByCssSelector(RemoteWebDriver.java:501)
	at org.openqa.selenium.By$ByCssSelector.findElement(By.java:430)
	at org.openqa.selenium.remote.RemoteWebDriver.findElement(RemoteWebDriver.java:402)
	at org.openqa.selenium.support.pagefactory.DefaultElementLocator.findElement(DefaultElementLocator.java:69)
	at org.openqa.selenium.support.pagefactory.internal.LocatingElementHandler.invoke(LocatingElementHandler.java:38)
	at com.sun.proxy.$Proxy7.getText(Unknown Source)
	at Pages.LineAssignment.getNoLineMessage(LineAssignment.java:58)
	at Tests.ta_CPQ.checkNoLineAvailableMessageAndCancelPlan(ta_CPQ.java:115)
... Removed 29 stack frames]]>
    </failure>
  </testcase> <!-- checkNoLineAvailableMessageAndCancelPlan -->
  <testcase name="checkOrderStatusIsPending" time="0.079" classname="Tests.ta_CPQ">
    <failure type="java.lang.IndexOutOfBoundsException" message="Index: 6, Size: 0">
      <![CDATA[java.lang.IndexOutOfBoundsException: Index: 6, Size: 0
	at java.util.ArrayList.rangeCheck(Unknown Source)
	at java.util.ArrayList.get(Unknown Source)
	at org.openqa.selenium.support.pagefactory.internal.LocatingElementListHandler.invoke(LocatingElementListHandler.java:39)
	at com.sun.proxy.$Proxy8.get(Unknown Source)
	at Pages.Ta_CPQ.addPlan(Ta_CPQ.java:47)
	at Tests.ta_CPQ.checkOrderStatusIsPending(ta_CPQ.java:229)
... Removed 28 stack frames]]>
    </failure>
  </testcase> <!-- checkOrderStatusIsPending -->
  <testcase name="checkPaperCanIsPresent" time="6.438" classname="Tests.ta_CPQ"/>
  <testcase name="checkPaperCanLabel" time="0.062" classname="Tests.ta_CPQ">
    <failure type="java.lang.IndexOutOfBoundsException" message="Index: 6, Size: 0">
      <![CDATA[java.lang.IndexOutOfBoundsException: Index: 6, Size: 0
	at java.util.ArrayList.rangeCheck(Unknown Source)
	at java.util.ArrayList.get(Unknown Source)
	at org.openqa.selenium.support.pagefactory.internal.LocatingElementListHandler.invoke(LocatingElementListHandler.java:39)
	at com.sun.proxy.$Proxy8.get(Unknown Source)
	at Pages.Ta_CPQ.addPlan(Ta_CPQ.java:47)
	at Tests.ta_CPQ.checkPaperCanLabel(ta_CPQ.java:97)
... Removed 28 stack frames]]>
    </failure>
  </testcase> <!-- checkPaperCanLabel -->
  <testcase name="checkPaymentMethodIsPresent" time="0.092" classname="Tests.ta_CPQ">
    <failure type="java.lang.IndexOutOfBoundsException" message="Index: 6, Size: 0">
      <![CDATA[java.lang.IndexOutOfBoundsException: Index: 6, Size: 0
	at java.util.ArrayList.rangeCheck(Unknown Source)
	at java.util.ArrayList.get(Unknown Source)
	at org.openqa.selenium.support.pagefactory.internal.LocatingElementListHandler.invoke(LocatingElementListHandler.java:39)
	at com.sun.proxy.$Proxy8.get(Unknown Source)
	at Pages.Ta_CPQ.addPlan(Ta_CPQ.java:47)
	at Tests.ta_CPQ.checkPaymentMethodIsPresent(ta_CPQ.java:344)
... Removed 28 stack frames]]>
    </failure>
  </testcase> <!-- checkPaymentMethodIsPresent -->
  <testcase name="checkPlanInformation" time="6.312" classname="Tests.ta_CPQ"/>
  <testcase name="checkPlanIsDeleted" time="0.072" classname="Tests.ta_CPQ">
    <failure type="java.lang.IndexOutOfBoundsException" message="Index: 6, Size: 0">
      <![CDATA[java.lang.IndexOutOfBoundsException: Index: 6, Size: 0
	at java.util.ArrayList.rangeCheck(Unknown Source)
	at java.util.ArrayList.get(Unknown Source)
	at org.openqa.selenium.support.pagefactory.internal.LocatingElementListHandler.invoke(LocatingElementListHandler.java:39)
	at com.sun.proxy.$Proxy8.get(Unknown Source)
	at Pages.Ta_CPQ.addPlan(Ta_CPQ.java:47)
	at Tests.ta_CPQ.checkPlanIsDeleted(ta_CPQ.java:84)
... Removed 28 stack frames]]>
    </failure>
  </testcase> <!-- checkPlanIsDeleted -->
  <testcase name="checkSimCardAssignment" time="6.329" classname="Tests.ta_CPQ"/>
  <testcase name="deleteAllPlans" time="26.714" classname="Tests.ta_CPQ"/>
  <testcase name="rightICCDFormat" time="0.062" classname="Tests.ta_CPQ">
    <failure type="java.lang.IndexOutOfBoundsException" message="Index: 6, Size: 0">
      <![CDATA[java.lang.IndexOutOfBoundsException: Index: 6, Size: 0
	at java.util.ArrayList.rangeCheck(Unknown Source)
	at java.util.ArrayList.get(Unknown Source)
	at org.openqa.selenium.support.pagefactory.internal.LocatingElementListHandler.invoke(LocatingElementListHandler.java:39)
	at com.sun.proxy.$Proxy8.get(Unknown Source)
	at Pages.Ta_CPQ.addPlan(Ta_CPQ.java:47)
	at Tests.ta_CPQ.rightICCDFormat(ta_CPQ.java:171)
... Removed 28 stack frames]]>
    </failure>
  </testcase> <!-- rightICCDFormat -->
  <testcase name="wrongICCDFormat" time="31.083" classname="Tests.ta_CPQ"/>
</testsuite> <!-- Test -->
